This file contains any messages produced by compilers while
running configure, to aid debugging if configure makes a mistake.

It was created by timestretch configure 1.0.0, which was
generated by GNU Autoconf 2.69.  Invocation command line was

  $ ./configure 

## --------- ##
## Platform. ##
## --------- ##

hostname = linux-wh1k
uname -m = x86_64
uname -r = 3.16.7-7-desktop
uname -s = Linux
uname -v = #1 SMP PREEMPT Wed Dec 17 18:00:44 UTC 2014 (762f27a)

/usr/bin/uname -p = x86_64
/bin/uname -X     = unknown

/bin/arch              = x86_64
/usr/bin/arch -k       = unknown
/usr/convex/getsysinfo = unknown
/usr/bin/hostinfo      = unknown
/bin/machine           = unknown
/usr/bin/oslevel       = unknown
/bin/universe          = unknown

PATH: /usr/lib64/mpi/gcc/openmpi/bin
PATH: /home/francesco/bin
PATH: /usr/local/bin
PATH: /usr/bin
PATH: /bin
PATH: /usr/bin/X11
PATH: /usr/games
PATH: /home/francesco/local-install/bin/


## ----------- ##
## Core tests. ##
## ----------- ##

configure:1956: loading site script /usr/share/site/x86_64-unknown-linux-gnu
| #!/bin/sh
| # Site script for configure. It is resourced via $CONFIG_SITE environment varaible.
| 
| # If user did not specify libdir, guess the correct target:
| # Use lib64 for 64 bit bi-arch targets, keep the default for the rest.
| if test "$libdir" = '${exec_prefix}/lib' ; then
| 
| 	ac_config_site_64bit_host=NONE
| 
| 	case "$host" in
| 	"" )
| 		# User did not specify host target.
| 		# The native platform x86_64 is a bi-arch platform.
| 		# Try to detect cross-compilation to inferior architecture.
| 
| 		# We are trying to guess 32-bit target compilation. It's not as easy as
| 		# it sounds, as there is possible several intermediate combinations.
| 		ac_config_site_cross_to_32bit_host=NONE
| 
| 		# User defined -m32 in CFLAGS or CXXFLAGS:
| 		# (It's sufficient for 32-bit, but alone may cause mis-behavior of some checks.)
| 		case "$CFLAGS" in
| 		*-m32*)
| 			ac_config_site_cross_to_32bit_host=YES
| 			;;
| 		esac
| 		case "$CXXFLAGS" in
| 		*-m32*)
| 			ac_config_site_cross_to_32bit_host=YES
| 			;;
| 		esac
| 
| 		# Running with linux32:
| 		# (Changes detected platform, but not the toolchain target.)
| 		case "`/bin/uname -i`" in
| 		x86_64 | ppc64 | s390x )
| 			;;
| 		* )
| 			ac_config_site_cross_to_32bit_host=YES
| 			;;
| 		esac
| 
| 		if test "x$ac_config_site_cross_to_32bit_host" = xNONE; then
| 			ac_config_site_64bit_host=YES
| 		fi
| 
| 		;;
| 	*x86_64* | *ppc64* | *s390x* )
| 		ac_config_site_64bit_host=YES
| 		;;
| 	esac
| 
| 	if test "x$ac_config_site_64bit_host" = xYES; then
| 		libdir='${exec_prefix}/lib64'
| 	fi
| fi
| 
| # If user did not specify libexecdir, set the correct target:
| # Nor FHS nor openSUSE allow prefix/libexec. Let's default to prefix/lib.
| 
| if test "$libexecdir" = '${exec_prefix}/libexec' ; then
| 	libexecdir='${exec_prefix}/lib'
| fi
| 
| # Continue with the standard behavior of configure defined in AC_SITE_LOAD:
| if test "x$prefix" != xNONE; then
| 	ac_site_file1=$prefix/share/config.site
| 	ac_site_file2=$prefix/etc/config.site
| else
| 	ac_site_file1=$ac_default_prefix/share/config.site
| 	ac_site_file2=$ac_default_prefix/etc/config.site
| fi
| for ac_site_file in "$ac_site_file1" "$ac_site_file2"
| do
| 	test "x$ac_site_file" = xNONE && continue
| 	if test /dev/null != "$ac_site_file" && test -r "$ac_site_file"; then
| 		{ $as_echo "/usr/share/site/x86_64-unknown-linux-gnu:${as_lineno-$LINENO}: loading site script $ac_site_file" >&5
| $as_echo "/usr/share/site/x86_64-unknown-linux-gnu: loading site script $ac_site_file" >&6;}
| 		sed 's/^/| /' "$ac_site_file" >&5
| 		. "$ac_site_file" \
| 			|| { { $as_echo "/usr/share/site/x86_64-unknown-linux-gnu:${as_lineno-$LINENO}: error: in \`$ac_pwd':" >&5
| $as_echo "/usr/share/site/x86_64-unknown-linux-gnu: error: in \`$ac_pwd':" >&2;}
| as_fn_error $? "failed to load site script $ac_site_file
| See \`config.log' for more details" "$LINENO" 5; }
| 	fi
| done
configure:2097: checking for a BSD-compatible install
configure:2165: result: /usr/bin/install -c
configure:2176: checking whether build environment is sane
configure:2231: result: yes
configure:2382: checking for a thread-safe mkdir -p
configure:2421: result: /usr/bin/mkdir -p
configure:2428: checking for gawk
configure:2444: found /usr/bin/gawk
configure:2455: result: gawk
configure:2466: checking whether make sets $(MAKE)
configure:2488: result: yes
configure:2517: checking whether make supports nested variables
configure:2534: result: yes
configure:2625: checking build system type
configure:2639: result: x86_64-suse-linux-gnu
configure:2659: checking host system type
configure:2672: result: x86_64-suse-linux-gnu
configure:2692: checking for supported host Operating System
configure:2697: result: yes, linux-gnu
configure:2709: checking for a supported CPU architecture
configure:2714: result: yes, x86_64
configure:2793: checking for gcc
configure:2809: found /usr/bin/gcc
configure:2820: result: gcc
configure:3049: checking for C compiler version
configure:3058: gcc --version >&5
gcc (SUSE Linux) 4.8.3 20140627 [gcc-4_8-branch revision 212064]
Copyright (C) 2013 Free Software Foundation, Inc.
This is free software; see the source for copying conditions.  There is NO
warranty; not even for MERCHANTABILITY or FITNESS FOR A PARTICULAR PURPOSE.

configure:3069: $? = 0
configure:3058: gcc -v >&5
Using built-in specs.
COLLECT_GCC=gcc
COLLECT_LTO_WRAPPER=/usr/lib64/gcc/x86_64-suse-linux/4.8/lto-wrapper
Target: x86_64-suse-linux
Configured with: ../configure --prefix=/usr --infodir=/usr/share/info --mandir=/usr/share/man --libdir=/usr/lib64 --libexecdir=/usr/lib64 --enable-languages=c,c++,objc,fortran,obj-c++,java,ada --enable-checking=release --with-gxx-include-dir=/usr/include/c++/4.8 --enable-ssp --disable-libssp --disable-plugin --with-bugurl=http://bugs.opensuse.org/ --with-pkgversion='SUSE Linux' --disable-libgcj --disable-libmudflap --with-slibdir=/lib64 --with-system-zlib --enable-__cxa_atexit --enable-libstdcxx-allocator=new --disable-libstdcxx-pch --enable-version-specific-runtime-libs --enable-linker-build-id --enable-linux-futex --program-suffix=-4.8 --without-system-libunwind --with-arch-32=i586 --with-tune=generic --build=x86_64-suse-linux --host=x86_64-suse-linux
Thread model: posix
gcc version 4.8.3 20140627 [gcc-4_8-branch revision 212064] (SUSE Linux) 
configure:3069: $? = 0
configure:3058: gcc -V >&5
gcc: error: unrecognized command line option '-V'
gcc: fatal error: no input files
compilation terminated.
configure:3069: $? = 1
configure:3058: gcc -qversion >&5
gcc: error: unrecognized command line option '-qversion'
gcc: fatal error: no input files
compilation terminated.
configure:3069: $? = 1
configure:3089: checking whether the C compiler works
configure:3111: gcc    conftest.c  >&5
configure:3115: $? = 0
configure:3163: result: yes
configure:3166: checking for C compiler default output file name
configure:3168: result: a.out
configure:3174: checking for suffix of executables
configure:3181: gcc -o conftest    conftest.c  >&5
configure:3185: $? = 0
configure:3207: result: 
configure:3229: checking whether we are cross compiling
configure:3237: gcc -o conftest    conftest.c  >&5
configure:3241: $? = 0
configure:3248: ./conftest
configure:3252: $? = 0
configure:3267: result: no
configure:3272: checking for suffix of object files
configure:3294: gcc -c   conftest.c >&5
configure:3298: $? = 0
configure:3319: result: o
configure:3323: checking whether we are using the GNU C compiler
configure:3342: gcc -c   conftest.c >&5
configure:3342: $? = 0
configure:3351: result: yes
configure:3360: checking whether gcc accepts -g
configure:3380: gcc -c -g  conftest.c >&5
configure:3380: $? = 0
configure:3421: result: yes
configure:3438: checking for gcc option to accept ISO C89
configure:3501: gcc  -c -g -O2  conftest.c >&5
configure:3501: $? = 0
configure:3514: result: none needed
configure:3545: checking for style of include used by make
configure:3573: result: GNU
configure:3599: checking dependency style of gcc
configure:3710: result: gcc3
configure:3727: checking whether ln -s works
configure:3731: result: yes
configure:3738: checking for grep that handles long lines and -e
configure:3796: result: /usr/bin/grep
configure:3801: checking for a sed that does not truncate output
configure:3865: result: /usr/bin/sed
configure:3913: checking for ranlib
configure:3929: found /usr/bin/ranlib
configure:3940: result: ranlib
configure:3964: checking for rm
configure:3983: found /usr/bin/rm
configure:3996: result: /usr/bin/rm
configure:4008: checking for finish_task_switch in the current kernel
configure:4015: result: found at 0xffffffff810865e0
configure:4021: checking the address of function next to finish_task_switch in the current kernel
configure:4028: result: found at 0xffffffff810866d0
configure:4041: checking how to run the C preprocessor
configure:4072: gcc -E  conftest.c
configure:4072: $? = 0
configure:4086: gcc -E  conftest.c
conftest.c:11:28: fatal error: ac_nonexistent.h: No such file or directory
 #include <ac_nonexistent.h>
                            ^
compilation terminated.
configure:4086: $? = 1
configure: failed program was:
| /* confdefs.h */
| #define PACKAGE_NAME "timestretch"
| #define PACKAGE_TARNAME "timestretch"
| #define PACKAGE_VERSION "1.0.0"
| #define PACKAGE_STRING "timestretch 1.0.0"
| #define PACKAGE_BUGREPORT "quaglia@dis.uniroma1.it,pellegrini@dis.uniroma1.it"
| #define PACKAGE_URL ""
| #define PACKAGE "timestretch"
| #define VERSION "1.0.0"
| /* end confdefs.h.  */
| #include <ac_nonexistent.h>
configure:4111: result: gcc -E
configure:4131: gcc -E  conftest.c
configure:4131: $? = 0
configure:4145: gcc -E  conftest.c
conftest.c:11:28: fatal error: ac_nonexistent.h: No such file or directory
 #include <ac_nonexistent.h>
                            ^
compilation terminated.
configure:4145: $? = 1
configure: failed program was:
| /* confdefs.h */
| #define PACKAGE_NAME "timestretch"
| #define PACKAGE_TARNAME "timestretch"
| #define PACKAGE_VERSION "1.0.0"
| #define PACKAGE_STRING "timestretch 1.0.0"
| #define PACKAGE_BUGREPORT "quaglia@dis.uniroma1.it,pellegrini@dis.uniroma1.it"
| #define PACKAGE_URL ""
| #define PACKAGE "timestretch"
| #define VERSION "1.0.0"
| /* end confdefs.h.  */
| #include <ac_nonexistent.h>
configure:4174: checking for egrep
configure:4236: result: /usr/bin/grep -E
configure:4241: checking for ANSI C header files
configure:4261: gcc -c -g -O2  conftest.c >&5
configure:4261: $? = 0
configure:4334: gcc -o conftest -g -O2   conftest.c  >&5
configure:4334: $? = 0
configure:4334: ./conftest
configure:4334: $? = 0
configure:4345: result: yes
configure:4358: checking for sys/types.h
configure:4358: gcc -c -g -O2  conftest.c >&5
configure:4358: $? = 0
configure:4358: result: yes
configure:4358: checking for sys/stat.h
configure:4358: gcc -c -g -O2  conftest.c >&5
configure:4358: $? = 0
configure:4358: result: yes
configure:4358: checking for stdlib.h
configure:4358: gcc -c -g -O2  conftest.c >&5
configure:4358: $? = 0
configure:4358: result: yes
configure:4358: checking for string.h
configure:4358: gcc -c -g -O2  conftest.c >&5
configure:4358: $? = 0
configure:4358: result: yes
configure:4358: checking for memory.h
configure:4358: gcc -c -g -O2  conftest.c >&5
configure:4358: $? = 0
configure:4358: result: yes
configure:4358: checking for strings.h
configure:4358: gcc -c -g -O2  conftest.c >&5
configure:4358: $? = 0
configure:4358: result: yes
configure:4358: checking for inttypes.h
configure:4358: gcc -c -g -O2  conftest.c >&5
configure:4358: $? = 0
configure:4358: result: yes
configure:4358: checking for stdint.h
configure:4358: gcc -c -g -O2  conftest.c >&5
configure:4358: $? = 0
configure:4358: result: yes
configure:4358: checking for unistd.h
configure:4358: gcc -c -g -O2  conftest.c >&5
configure:4358: $? = 0
configure:4358: result: yes
configure:4372: checking linux/ioctl.h usability
configure:4372: gcc -c -g -O2  conftest.c >&5
configure:4372: $? = 0
configure:4372: result: yes
configure:4372: checking linux/ioctl.h presence
configure:4372: gcc -E  conftest.c
configure:4372: $? = 0
configure:4372: result: yes
configure:4372: checking for linux/ioctl.h
configure:4372: result: yes
configure:4533: checking that generated files are newer than configure
configure:4539: result: done
configure:4562: creating ./config.status

## ---------------------- ##
## Running config.status. ##
## ---------------------- ##

This file was extended by timestretch config.status 1.0.0, which was
generated by GNU Autoconf 2.69.  Invocation command line was

  CONFIG_FILES    = 
  CONFIG_HEADERS  = 
  CONFIG_LINKS    = 
  CONFIG_COMMANDS = 
  $ ./config.status 

on linux-wh1k

config.status:795: creating Makefile
config.status:967: executing depfiles commands

## ---------------- ##
## Cache variables. ##
## ---------------- ##

ac_cv_build=x86_64-suse-linux-gnu
ac_cv_c_compiler_gnu=yes
ac_cv_env_CC_set=
ac_cv_env_CC_value=
ac_cv_env_CFLAGS_set=
ac_cv_env_CFLAGS_value=
ac_cv_env_CPPFLAGS_set=
ac_cv_env_CPPFLAGS_value=
ac_cv_env_CPP_set=
ac_cv_env_CPP_value=
ac_cv_env_LDFLAGS_set=
ac_cv_env_LDFLAGS_value=
ac_cv_env_LIBS_set=
ac_cv_env_LIBS_value=
ac_cv_env_build_alias_set=
ac_cv_env_build_alias_value=
ac_cv_env_host_alias_set=
ac_cv_env_host_alias_value=
ac_cv_env_target_alias_set=
ac_cv_env_target_alias_value=
ac_cv_header_inttypes_h=yes
ac_cv_header_linux_ioctl_h=yes
ac_cv_header_memory_h=yes
ac_cv_header_stdc=yes
ac_cv_header_stdint_h=yes
ac_cv_header_stdlib_h=yes
ac_cv_header_string_h=yes
ac_cv_header_strings_h=yes
ac_cv_header_sys_stat_h=yes
ac_cv_header_sys_types_h=yes
ac_cv_header_unistd_h=yes
ac_cv_host=x86_64-suse-linux-gnu
ac_cv_objext=o
ac_cv_path_EGREP='/usr/bin/grep -E'
ac_cv_path_GREP=/usr/bin/grep
ac_cv_path_RM=/usr/bin/rm
ac_cv_path_SED=/usr/bin/sed
ac_cv_path_install='/usr/bin/install -c'
ac_cv_path_mkdir=/usr/bin/mkdir
ac_cv_prog_AWK=gawk
ac_cv_prog_CPP='gcc -E'
ac_cv_prog_ac_ct_CC=gcc
ac_cv_prog_ac_ct_RANLIB=ranlib
ac_cv_prog_cc_c89=
ac_cv_prog_cc_g=yes
ac_cv_prog_make_make_set=yes
am_cv_CC_dependencies_compiler_type=gcc3
am_cv_make_support_nested_variables=yes

## ----------------- ##
## Output variables. ##
## ----------------- ##

ACLOCAL='${SHELL} /home/francesco/kernel-modules/schedule-hook/missing aclocal-1.13'
AMDEPBACKSLASH='\'
AMDEP_FALSE='#'
AMDEP_TRUE=''
AMTAR='$${TAR-tar}'
AM_BACKSLASH='\'
AM_DEFAULT_V='$(AM_DEFAULT_VERBOSITY)'
AM_DEFAULT_VERBOSITY='1'
AM_V='$(V)'
AUTOCONF='${SHELL} /home/francesco/kernel-modules/schedule-hook/missing autoconf'
AUTOHEADER='${SHELL} /home/francesco/kernel-modules/schedule-hook/missing autoheader'
AUTOMAKE='${SHELL} /home/francesco/kernel-modules/schedule-hook/missing automake-1.13'
AWK='gawk'
CC='gcc'
CCDEPMODE='depmode=gcc3'
CFLAGS='-g -O2'
CPP='gcc -E'
CPPFLAGS=''
CYGPATH_W='echo'
DEFS='-DPACKAGE_NAME=\"timestretch\" -DPACKAGE_TARNAME=\"timestretch\" -DPACKAGE_VERSION=\"1.0.0\" -DPACKAGE_STRING=\"timestretch\ 1.0.0\" -DPACKAGE_BUGREPORT=\"quaglia@dis.uniroma1.it,pellegrini@dis.uniroma1.it\" -DPACKAGE_URL=\"\" -DPACKAGE=\"timestretch\" -DVERSION=\"1.0.0\" -DSTDC_HEADERS=1 -DHAVE_SYS_TYPES_H=1 -DHAVE_SYS_STAT_H=1 -DHAVE_STDLIB_H=1 -DHAVE_STRING_H=1 -DHAVE_MEMORY_H=1 -DHAVE_STRINGS_H=1 -DHAVE_INTTYPES_H=1 -DHAVE_STDINT_H=1 -DHAVE_UNISTD_H=1 -DHAVE_LINUX_IOCTL_H=1'
DEPDIR='.deps'
ECHO_C=''
ECHO_N='-n'
ECHO_T=''
EGREP='/usr/bin/grep -E'
EXEEXT=''
FTS_ADDR='0xffffffff810865e0'
FTS_ADDR_NEXT='0xffffffff810866d0'
GREP='/usr/bin/grep'
INSTALL_DATA='${INSTALL} -m 644'
INSTALL_PROGRAM='${INSTALL}'
INSTALL_SCRIPT='${INSTALL}'
INSTALL_STRIP_PROGRAM='$(install_sh) -c -s'
KERNEL_MOD='/lib/modules/3.16.7-7-desktop/extra'
KERNEL_SRC='/lib/modules/3.16.7-7-desktop/build'
LDFLAGS=''
LIBOBJS=''
LIBS=''
LN_S='ln -s'
LTLIBOBJS=''
MAKEINFO='${SHELL} /home/francesco/kernel-modules/schedule-hook/missing makeinfo'
MKDIR_P='/usr/bin/mkdir -p'
OBJEXT='o'
PACKAGE='timestretch'
PACKAGE_BUGREPORT='quaglia@dis.uniroma1.it,pellegrini@dis.uniroma1.it'
PACKAGE_NAME='timestretch'
PACKAGE_STRING='timestretch 1.0.0'
PACKAGE_TARNAME='timestretch'
PACKAGE_URL=''
PACKAGE_VERSION='1.0.0'
PATH_SEPARATOR=':'
RANLIB='ranlib'
RM='/usr/bin/rm'
SED='/usr/bin/sed'
SET_MAKE=''
SHELL='/bin/sh'
STRIP=''
VERSION='1.0.0'
ac_ct_CC='gcc'
am__EXEEXT_FALSE=''
am__EXEEXT_TRUE='#'
am__fastdepCC_FALSE='#'
am__fastdepCC_TRUE=''
am__include='include'
am__isrc=''
am__leading_dot='.'
am__nodep='_no'
am__quote=''
am__tar='$${TAR-tar} chof - "$$tardir"'
am__untar='$${TAR-tar} xf -'
bindir='${exec_prefix}/bin'
build='x86_64-suse-linux-gnu'
build_alias=''
build_cpu='x86_64'
build_os='linux-gnu'
build_vendor='suse'
datadir='${datarootdir}'
datarootdir='${prefix}/share'
docdir='${datarootdir}/doc/${PACKAGE_TARNAME}'
dvidir='${docdir}'
exec_prefix='${prefix}'
host='x86_64-suse-linux-gnu'
host_alias=''
host_cpu='x86_64'
host_os='linux-gnu'
host_vendor='suse'
htmldir='${docdir}'
includedir='${prefix}/include'
infodir='${datarootdir}/info'
install_sh='${SHELL} /home/francesco/kernel-modules/schedule-hook/install-sh'
libdir='${exec_prefix}/lib64'
libexecdir='${exec_prefix}/lib'
localedir='${datarootdir}/locale'
localstatedir='${prefix}/var'
mandir='${datarootdir}/man'
mkdir_p='$(MKDIR_P)'
oldincludedir='/usr/include'
pdfdir='${docdir}'
prefix='/usr/local'
program_transform_name='s,x,x,'
psdir='${docdir}'
sbindir='${exec_prefix}/sbin'
sharedstatedir='${prefix}/com'
sysconfdir='${prefix}/etc'
target_alias=''
with_kernel='3.16.7-7-desktop'
with_kernel_mod='/lib/modules/3.16.7-7-desktop/extra'

## ----------- ##
## confdefs.h. ##
## ----------- ##

/* confdefs.h */
#define PACKAGE_NAME "timestretch"
#define PACKAGE_TARNAME "timestretch"
#define PACKAGE_VERSION "1.0.0"
#define PACKAGE_STRING "timestretch 1.0.0"
#define PACKAGE_BUGREPORT "quaglia@dis.uniroma1.it,pellegrini@dis.uniroma1.it"
#define PACKAGE_URL ""
#define PACKAGE "timestretch"
#define VERSION "1.0.0"
#define STDC_HEADERS 1
#define HAVE_SYS_TYPES_H 1
#define HAVE_SYS_STAT_H 1
#define HAVE_STDLIB_H 1
#define HAVE_STRING_H 1
#define HAVE_MEMORY_H 1
#define HAVE_STRINGS_H 1
#define HAVE_INTTYPES_H 1
#define HAVE_STDINT_H 1
#define HAVE_UNISTD_H 1
#define HAVE_LINUX_IOCTL_H 1

configure: exit 0
